<?xml version="1.0" encoding="UTF-8"?>
<testsuite xmlns:xsi="http://www.w3.org/2001/XMLSchema-instance" xsi:noNamespaceSchemaLocation="https://maven.apache.org/surefire/maven-surefire-plugin/xsd/surefire-test-report.xsd" name="InjectedTest" time="33.273" tests="19" errors="0" skipped="0" failures="0">
  <properties>
[...]
</properties>
  <testcase name="io\jenkins\plugins\sample\HelloWorldBuilder\config.jelly" classname="org.jvnet.hudson.test.JellyTestSuiteBuilder$JellyCheck" time="0.442"/>
  <testcase name="index.jelly" classname="org.jvnet.hudson.test.JellyTestSuiteBuilder$JellyCheck" time="0.003"/>
  <testcase name="testCliSanity" classname="org.jvnet.hudson.test.PluginAutomaticTestBuilder$OtherTests" time="0.018"/>
  <testcase name="testPluginActive" classname="org.jvnet.hudson.test.PluginAutomaticTestBuilder$OtherTests" time="0.008"/>
  <testcase name="org.jvnet.hudson.test.JellyTestSuiteBuilder$JellyTestSuite" classname="org.jvnet.hudson.test.junit.FailedTest" time="0"/>
  <testcase name="io\jenkins\plugins\sample\HelloWorldBuilder\config_sv.properties" classname="org.jvnet.hudson.test.PropertiesTestSuite$PropertiesTest" time="0.005"/>
  <testcase name="io\jenkins\plugins\sample\Messages_it.properties" classname="org.jvnet.hudson.test.PropertiesTestSuite$PropertiesTest" time="0"/>
  <testcase name="io\jenkins\plugins\sample\Messages_de.properties" classname="org.jvnet.hudson.test.PropertiesTestSuite$PropertiesTest" time="0.002"/>
  <testcase name="io\jenkins\plugins\sample\HelloWorldBuilder\config_de.properties" classname="org.jvnet.hudson.test.PropertiesTestSuite$PropertiesTest" time="0"/>
  <testcase name="io\jenkins\plugins\sample\HelloWorldBuilder\config_fr.properties" classname="org.jvnet.hudson.test.PropertiesTestSuite$PropertiesTest" time="0.001"/>
  <testcase name="io\jenkins\plugins\sample\Messages_es.properties" classname="org.jvnet.hudson.test.PropertiesTestSuite$PropertiesTest" time="0.001"/>
  <testcase name="io\jenkins\plugins\sample\HelloWorldBuilder\config.properties" classname="org.jvnet.hudson.test.PropertiesTestSuite$PropertiesTest" time="0.001"/>
  <testcase name="io\jenkins\plugins\sample\HelloWorldBuilder\config_it.properties" classname="org.jvnet.hudson.test.PropertiesTestSuite$PropertiesTest" time="0.001"/>
  <testcase name="io\jenkins\plugins\sample\HelloWorldBuilder\config_es.properties" classname="org.jvnet.hudson.test.PropertiesTestSuite$PropertiesTest" time="0.001"/>
  <testcase name="io\jenkins\plugins\sample\Messages.properties" classname="org.jvnet.hudson.test.PropertiesTestSuite$PropertiesTest" time="0.001"/>
  <testcase name="io\jenkins\plugins\sample\Messages_tr.properties" classname="org.jvnet.hudson.test.PropertiesTestSuite$PropertiesTest" time="0.001"/>
  <testcase name="io\jenkins\plugins\sample\Messages_fr.properties" classname="org.jvnet.hudson.test.PropertiesTestSuite$PropertiesTest" time="0.001"/>
  <testcase name="io\jenkins\plugins\sample\HelloWorldBuilder\config_tr.properties" classname="org.jvnet.hudson.test.PropertiesTestSuite$PropertiesTest" time="0.001"/>
  <testcase name="io\jenkins\plugins\sample\Messages_sv.properties" classname="org.jvnet.hudson.test.PropertiesTestSuite$PropertiesTest" time="0.001"/>
</testsuite>